<?xml version="1.0" encoding="UTF-8"?>
<testsuite xmlns:xsi="http://www.w3.org/2001/XMLSchema-instance" xsi:noNamespaceSchemaLocation="https://maven.apache.org/surefire/maven-surefire-plugin/xsd/surefire-test-report.xsd" name="com.quinbay.dependencyInjection.DependencyInjectionApplicationTests" time="9.901" tests="1" errors="0" skipped="0" failures="0">
  <properties>
    <property name="java.specification.version" value="17"/>
    <property name="sun.jnu.encoding" value="UTF-8"/>
    <property name="java.class.path" value="/Users/nikhilgupta/Downloads/dependencyInjection 2/target/test-classes:/Users/nikhilgupta/Downloads/dependencyInjection 2/target/classes:/Users/nikhilgupta/.m2/repository/org/springframework/boot/spring-boot-starter-web/2.5.10/spring-boot-starter-web-2.5.10.jar:/Users/nikhilgupta/.m2/repository/org/springframework/boot/spring-boot-starter/2.5.10/spring-boot-starter-2.5.10.jar:/Users/nikhilgupta/.m2/repository/org/springframework/boot/spring-boot/2.5.10/spring-boot-2.5.10.jar:/Users/nikhilgupta/.m2/repository/org/springframework/boot/spring-boot-autoconfigure/2.5.10/spring-boot-autoconfigure-2.5.10.jar:/Users/nikhilgupta/.m2/repository/org/springframework/boot/spring-boot-starter-logging/2.5.10/spring-boot-starter-logging-2.5.10.jar:/Users/nikhilgupta/.m2/repository/ch/qos/logback/logback-classic/1.2.10/logback-classic-1.2.10.jar:/Users/nikhilgupta/.m2/repository/ch/qos/logback/logback-core/1.2.10/logback-core-1.2.10.jar:/Users/nikhilgupta/.m2/repository/org/apache/logging/log4j/log4j-to-slf4j/2.17.1/log4j-to-slf4j-2.17.1.jar:/Users/nikhilgupta/.m2/repository/org/apache/logging/log4j/log4j-api/2.17.1/log4j-api-2.17.1.jar:/Users/nikhilgupta/.m2/repository/org/slf4j/jul-to-slf4j/1.7.36/jul-to-slf4j-1.7.36.jar:/Users/nikhilgupta/.m2/repository/jakarta/annotation/jakarta.annotation-api/1.3.5/jakarta.annotation-api-1.3.5.jar:/Users/nikhilgupta/.m2/repository/org/yaml/snakeyaml/1.28/snakeyaml-1.28.jar:/Users/nikhilgupta/.m2/repository/org/springframework/boot/spring-boot-starter-json/2.5.10/spring-boot-starter-json-2.5.10.jar:/Users/nikhilgupta/.m2/repository/com/fasterxml/jackson/core/jackson-databind/2.12.6/jackson-databind-2.12.6.jar:/Users/nikhilgupta/.m2/repository/com/fasterxml/jackson/core/jackson-annotations/2.12.6/jackson-annotations-2.12.6.jar:/Users/nikhilgupta/.m2/repository/com/fasterxml/jackson/core/jackson-core/2.12.6/jackson-core-2.12.6.jar:/Users/nikhilgupta/.m2/repository/com/fasterxml/jackson/datatype/jackson-datatype-jdk8/2.12.6/jackson-datatype-jdk8-2.12.6.jar:/Users/nikhilgupta/.m2/repository/com/fasterxml/jackson/datatype/jackson-datatype-jsr310/2.12.6/jackson-datatype-jsr310-2.12.6.jar:/Users/nikhilgupta/.m2/repository/com/fasterxml/jackson/module/jackson-module-parameter-names/2.12.6/jackson-module-parameter-names-2.12.6.jar:/Users/nikhilgupta/.m2/repository/org/springframework/boot/spring-boot-starter-tomcat/2.5.10/spring-boot-starter-tomcat-2.5.10.jar:/Users/nikhilgupta/.m2/repository/org/apache/tomcat/embed/tomcat-embed-core/9.0.58/tomcat-embed-core-9.0.58.jar:/Users/nikhilgupta/.m2/repository/org/apache/tomcat/embed/tomcat-embed-websocket/9.0.58/tomcat-embed-websocket-9.0.58.jar:/Users/nikhilgupta/.m2/repository/org/springframework/spring-web/5.3.16/spring-web-5.3.16.jar:/Users/nikhilgupta/.m2/repository/org/springframework/spring-webmvc/5.3.16/spring-webmvc-5.3.16.jar:/Users/nikhilgupta/.m2/repository/org/springframework/spring-aop/5.3.16/spring-aop-5.3.16.jar:/Users/nikhilgupta/.m2/repository/org/springframework/boot/spring-boot-starter-validation/2.5.10/spring-boot-starter-validation-2.5.10.jar:/Users/nikhilgupta/.m2/repository/org/apache/tomcat/embed/tomcat-embed-el/9.0.58/tomcat-embed-el-9.0.58.jar:/Users/nikhilgupta/.m2/repository/org/hibernate/validator/hibernate-validator/6.2.2.Final/hibernate-validator-6.2.2.Final.jar:/Users/nikhilgupta/.m2/repository/jakarta/validation/jakarta.validation-api/2.0.2/jakarta.validation-api-2.0.2.jar:/Users/nikhilgupta/.m2/repository/org/jboss/logging/jboss-logging/3.4.3.Final/jboss-logging-3.4.3.Final.jar:/Users/nikhilgupta/.m2/repository/io/springfox/springfox-boot-starter/3.0.0/springfox-boot-starter-3.0.0.jar:/Users/nikhilgupta/.m2/repository/io/springfox/springfox-oas/3.0.0/springfox-oas-3.0.0.jar:/Users/nikhilgupta/.m2/repository/io/swagger/core/v3/swagger-annotations/2.1.2/swagger-annotations-2.1.2.jar:/Users/nikhilgupta/.m2/repository/io/swagger/core/v3/swagger-models/2.1.2/swagger-models-2.1.2.jar:/Users/nikhilgupta/.m2/repository/io/springfox/springfox-spi/3.0.0/springfox-spi-3.0.0.jar:/Users/nikhilgupta/.m2/repository/io/springfox/springfox-schema/3.0.0/springfox-schema-3.0.0.jar:/Users/nikhilgupta/.m2/repository/io/springfox/springfox-core/3.0.0/springfox-core-3.0.0.jar:/Users/nikhilgupta/.m2/repository/io/springfox/springfox-spring-web/3.0.0/springfox-spring-web-3.0.0.jar:/Users/nikhilgupta/.m2/repository/io/github/classgraph/classgraph/4.8.83/classgraph-4.8.83.jar:/Users/nikhilgupta/.m2/repository/io/springfox/springfox-spring-webmvc/3.0.0/springfox-spring-webmvc-3.0.0.jar:/Users/nikhilgupta/.m2/repository/io/springfox/springfox-spring-webflux/3.0.0/springfox-spring-webflux-3.0.0.jar:/Users/nikhilgupta/.m2/repository/io/springfox/springfox-swagger-common/3.0.0/springfox-swagger-common-3.0.0.jar:/Users/nikhilgupta/.m2/repository/org/mapstruct/mapstruct/1.3.1.Final/mapstruct-1.3.1.Final.jar:/Users/nikhilgupta/.m2/repository/io/springfox/springfox-data-rest/3.0.0/springfox-data-rest-3.0.0.jar:/Users/nikhilgupta/.m2/repository/io/springfox/springfox-bean-validators/3.0.0/springfox-bean-validators-3.0.0.jar:/Users/nikhilgupta/.m2/repository/io/springfox/springfox-swagger2/3.0.0/springfox-swagger2-3.0.0.jar:/Users/nikhilgupta/.m2/repository/io/swagger/swagger-annotations/1.5.20/swagger-annotations-1.5.20.jar:/Users/nikhilgupta/.m2/repository/io/swagger/swagger-models/1.5.20/swagger-models-1.5.20.jar:/Users/nikhilgupta/.m2/repository/io/springfox/springfox-swagger-ui/3.0.0/springfox-swagger-ui-3.0.0.jar:/Users/nikhilgupta/.m2/repository/com/fasterxml/classmate/1.5.1/classmate-1.5.1.jar:/Users/nikhilgupta/.m2/repository/org/slf4j/slf4j-api/1.7.36/slf4j-api-1.7.36.jar:/Users/nikhilgupta/.m2/repository/org/springframework/plugin/spring-plugin-core/2.0.0.RELEASE/spring-plugin-core-2.0.0.RELEASE.jar:/Users/nikhilgupta/.m2/repository/org/springframework/plugin/spring-plugin-metadata/2.0.0.RELEASE/spring-plugin-metadata-2.0.0.RELEASE.jar:/Users/nikhilgupta/.m2/repository/org/postgresql/postgresql/42.2.25/postgresql-42.2.25.jar:/Users/nikhilgupta/.m2/repository/org/checkerframework/checker-qual/3.5.0/checker-qual-3.5.0.jar:/Users/nikhilgupta/.m2/repository/org/springframework/boot/spring-boot-starter-data-jpa/2.5.10/spring-boot-starter-data-jpa-2.5.10.jar:/Users/nikhilgupta/.m2/repository/org/springframework/boot/spring-boot-starter-aop/2.5.10/spring-boot-starter-aop-2.5.10.jar:/Users/nikhilgupta/.m2/repository/org/aspectj/aspectjweaver/1.9.7/aspectjweaver-1.9.7.jar:/Users/nikhilgupta/.m2/repository/org/springframework/boot/spring-boot-starter-jdbc/2.5.10/spring-boot-starter-jdbc-2.5.10.jar:/Users/nikhilgupta/.m2/repository/com/zaxxer/HikariCP/4.0.3/HikariCP-4.0.3.jar:/Users/nikhilgupta/.m2/repository/org/springframework/spring-jdbc/5.3.16/spring-jdbc-5.3.16.jar:/Users/nikhilgupta/.m2/repository/jakarta/transaction/jakarta.transaction-api/1.3.3/jakarta.transaction-api-1.3.3.jar:/Users/nikhilgupta/.m2/repository/jakarta/persistence/jakarta.persistence-api/2.2.3/jakarta.persistence-api-2.2.3.jar:/Users/nikhilgupta/.m2/repository/org/hibernate/hibernate-core/5.4.33/hibernate-core-5.4.33.jar:/Users/nikhilgupta/.m2/repository/org/javassist/javassist/3.27.0-GA/javassist-3.27.0-GA.jar:/Users/nikhilgupta/.m2/repository/net/bytebuddy/byte-buddy/1.10.22/byte-buddy-1.10.22.jar:/Users/nikhilgupta/.m2/repository/antlr/antlr/2.7.7/antlr-2.7.7.jar:/Users/nikhilgupta/.m2/repository/org/jboss/jandex/2.2.3.Final/jandex-2.2.3.Final.jar:/Users/nikhilgupta/.m2/repository/org/dom4j/dom4j/2.1.3/dom4j-2.1.3.jar:/Users/nikhilgupta/.m2/repository/org/hibernate/common/hibernate-commons-annotations/5.1.2.Final/hibernate-commons-annotations-5.1.2.Final.jar:/Users/nikhilgupta/.m2/repository/org/glassfish/jaxb/jaxb-runtime/2.3.6/jaxb-runtime-2.3.6.jar:/Users/nikhilgupta/.m2/repository/org/glassfish/jaxb/txw2/2.3.6/txw2-2.3.6.jar:/Users/nikhilgupta/.m2/repository/com/sun/istack/istack-commons-runtime/3.0.12/istack-commons-runtime-3.0.12.jar:/Users/nikhilgupta/.m2/repository/com/sun/activation/jakarta.activation/1.2.2/jakarta.activation-1.2.2.jar:/Users/nikhilgupta/.m2/repository/org/springframework/data/spring-data-jpa/2.5.9/spring-data-jpa-2.5.9.jar:/Users/nikhilgupta/.m2/repository/org/springframework/spring-orm/5.3.16/spring-orm-5.3.16.jar:/Users/nikhilgupta/.m2/repository/org/springframework/spring-aspects/5.3.16/spring-aspects-5.3.16.jar:/Users/nikhilgupta/.m2/repository/org/springframework/boot/spring-boot-starter-data-redis/2.5.10/spring-boot-starter-data-redis-2.5.10.jar:/Users/nikhilgupta/.m2/repository/org/springframework/data/spring-data-redis/2.5.9/spring-data-redis-2.5.9.jar:/Users/nikhilgupta/.m2/repository/org/springframework/data/spring-data-keyvalue/2.5.9/spring-data-keyvalue-2.5.9.jar:/Users/nikhilgupta/.m2/repository/org/springframework/spring-oxm/5.3.16/spring-oxm-5.3.16.jar:/Users/nikhilgupta/.m2/repository/org/springframework/spring-context-support/5.3.16/spring-context-support-5.3.16.jar:/Users/nikhilgupta/.m2/repository/io/lettuce/lettuce-core/6.1.6.RELEASE/lettuce-core-6.1.6.RELEASE.jar:/Users/nikhilgupta/.m2/repository/io/netty/netty-common/4.1.74.Final/netty-common-4.1.74.Final.jar:/Users/nikhilgupta/.m2/repository/io/netty/netty-handler/4.1.74.Final/netty-handler-4.1.74.Final.jar:/Users/nikhilgupta/.m2/repository/io/netty/netty-resolver/4.1.74.Final/netty-resolver-4.1.74.Final.jar:/Users/nikhilgupta/.m2/repository/io/netty/netty-buffer/4.1.74.Final/netty-buffer-4.1.74.Final.jar:/Users/nikhilgupta/.m2/repository/io/netty/netty-codec/4.1.74.Final/netty-codec-4.1.74.Final.jar:/Users/nikhilgupta/.m2/repository/io/netty/netty-tcnative-classes/2.0.48.Final/netty-tcnative-classes-2.0.48.Final.jar:/Users/nikhilgupta/.m2/repository/io/netty/netty-transport/4.1.74.Final/netty-transport-4.1.74.Final.jar:/Users/nikhilgupta/.m2/repository/io/projectreactor/reactor-core/3.4.15/reactor-core-3.4.15.jar:/Users/nikhilgupta/.m2/repository/org/reactivestreams/reactive-streams/1.0.3/reactive-streams-1.0.3.jar:/Users/nikhilgupta/.m2/repository/redis/clients/jedis/3.6.3/jedis-3.6.3.jar:/Users/nikhilgupta/.m2/repository/org/apache/commons/commons-pool2/2.9.0/commons-pool2-2.9.0.jar:/Users/nikhilgupta/.m2/repository/org/springframework/boot/spring-boot-starter-data-mongodb/2.5.10/spring-boot-starter-data-mongodb-2.5.10.jar:/Users/nikhilgupta/.m2/repository/org/mongodb/mongodb-driver-sync/4.2.3/mongodb-driver-sync-4.2.3.jar:/Users/nikhilgupta/.m2/repository/org/mongodb/bson/4.2.3/bson-4.2.3.jar:/Users/nikhilgupta/.m2/repository/org/springframework/data/spring-data-mongodb/3.2.9/spring-data-mongodb-3.2.9.jar:/Users/nikhilgupta/.m2/repository/org/springframework/spring-tx/5.3.16/spring-tx-5.3.16.jar:/Users/nikhilgupta/.m2/repository/org/springframework/spring-context/5.3.16/spring-context-5.3.16.jar:/Users/nikhilgupta/.m2/repository/org/springframework/spring-beans/5.3.16/spring-beans-5.3.16.jar:/Users/nikhilgupta/.m2/repository/org/springframework/spring-core/5.3.16/spring-core-5.3.16.jar:/Users/nikhilgupta/.m2/repository/org/springframework/spring-jcl/5.3.16/spring-jcl-5.3.16.jar:/Users/nikhilgupta/.m2/repository/org/springframework/spring-expression/5.3.16/spring-expression-5.3.16.jar:/Users/nikhilgupta/.m2/repository/org/springframework/data/spring-data-commons/2.5.9/spring-data-commons-2.5.9.jar:/Users/nikhilgupta/.m2/repository/org/mongodb/mongodb-driver-core/4.2.3/mongodb-driver-core-4.2.3.jar:/Users/nikhilgupta/.m2/repository/org/springframework/boot/spring-boot-starter-test/2.5.10/spring-boot-starter-test-2.5.10.jar:/Users/nikhilgupta/.m2/repository/org/springframework/boot/spring-boot-test/2.5.10/spring-boot-test-2.5.10.jar:/Users/nikhilgupta/.m2/repository/org/springframework/boot/spring-boot-test-autoconfigure/2.5.10/spring-boot-test-autoconfigure-2.5.10.jar:/Users/nikhilgupta/.m2/repository/com/jayway/jsonpath/json-path/2.5.0/json-path-2.5.0.jar:/Users/nikhilgupta/.m2/repository/net/minidev/json-smart/2.4.8/json-smart-2.4.8.jar:/Users/nikhilgupta/.m2/repository/net/minidev/accessors-smart/2.4.8/accessors-smart-2.4.8.jar:/Users/nikhilgupta/.m2/repository/org/ow2/asm/asm/9.1/asm-9.1.jar:/Users/nikhilgupta/.m2/repository/jakarta/xml/bind/jakarta.xml.bind-api/2.3.3/jakarta.xml.bind-api-2.3.3.jar:/Users/nikhilgupta/.m2/repository/jakarta/activation/jakarta.activation-api/1.2.2/jakarta.activation-api-1.2.2.jar:/Users/nikhilgupta/.m2/repository/org/assertj/assertj-core/3.19.0/assertj-core-3.19.0.jar:/Users/nikhilgupta/.m2/repository/org/hamcrest/hamcrest/2.2/hamcrest-2.2.jar:/Users/nikhilgupta/.m2/repository/org/junit/jupiter/junit-jupiter/5.7.2/junit-jupiter-5.7.2.jar:/Users/nikhilgupta/.m2/repository/org/junit/jupiter/junit-jupiter-api/5.7.2/junit-jupiter-api-5.7.2.jar:/Users/nikhilgupta/.m2/repository/org/apiguardian/apiguardian-api/1.1.0/apiguardian-api-1.1.0.jar:/Users/nikhilgupta/.m2/repository/org/opentest4j/opentest4j/1.2.0/opentest4j-1.2.0.jar:/Users/nikhilgupta/.m2/repository/org/junit/platform/junit-platform-commons/1.7.2/junit-platform-commons-1.7.2.jar:/Users/nikhilgupta/.m2/repository/org/junit/jupiter/junit-jupiter-params/5.7.2/junit-jupiter-params-5.7.2.jar:/Users/nikhilgupta/.m2/repository/org/junit/jupiter/junit-jupiter-engine/5.7.2/junit-jupiter-engine-5.7.2.jar:/Users/nikhilgupta/.m2/repository/org/junit/platform/junit-platform-engine/1.7.2/junit-platform-engine-1.7.2.jar:/Users/nikhilgupta/.m2/repository/org/mockito/mockito-core/3.9.0/mockito-core-3.9.0.jar:/Users/nikhilgupta/.m2/repository/net/bytebuddy/byte-buddy-agent/1.10.22/byte-buddy-agent-1.10.22.jar:/Users/nikhilgupta/.m2/repository/org/objenesis/objenesis/3.2/objenesis-3.2.jar:/Users/nikhilgupta/.m2/repository/org/mockito/mockito-junit-jupiter/3.9.0/mockito-junit-jupiter-3.9.0.jar:/Users/nikhilgupta/.m2/repository/org/skyscreamer/jsonassert/1.5.0/jsonassert-1.5.0.jar:/Users/nikhilgupta/.m2/repository/com/vaadin/external/google/android-json/0.0.20131108.vaadin1/android-json-0.0.20131108.vaadin1.jar:/Users/nikhilgupta/.m2/repository/org/springframework/spring-test/5.3.16/spring-test-5.3.16.jar:/Users/nikhilgupta/.m2/repository/org/xmlunit/xmlunit-core/2.8.4/xmlunit-core-2.8.4.jar:"/>
    <property name="java.vm.vendor" value="Homebrew"/>
    <property name="sun.arch.data.model" value="64"/>
    <property name="java.vendor.url" value="https://github.com/Homebrew/homebrew-core/issues"/>
    <property name="os.name" value="Mac OS X"/>
    <property name="java.vm.specification.version" value="17"/>
    <property name="sun.java.launcher" value="SUN_STANDARD"/>
    <property name="user.country" value="GB"/>
    <property name="sun.boot.library.path" value="/usr/local/Cellar/openjdk/17.0.2/libexec/openjdk.jdk/Contents/Home/lib"/>
    <property name="sun.java.command" value="/Users/nikhilgupta/Downloads/dependencyInjection 2/target/surefire/surefirebooter9090847416267686284.jar /Users/nikhilgupta/Downloads/dependencyInjection 2/target/surefire 2022-03-09T17-38-17_387-jvmRun1 surefire6977082152003091461tmp surefire_05298526237282612490tmp"/>
    <property name="http.nonProxyHosts" value="local|*.local|169.254/16|*.169.254/16"/>
    <property name="jdk.debug" value="release"/>
    <property name="surefire.test.class.path" value="/Users/nikhilgupta/Downloads/dependencyInjection 2/target/test-classes:/Users/nikhilgupta/Downloads/dependencyInjection 2/target/classes:/Users/nikhilgupta/.m2/repository/org/springframework/boot/spring-boot-starter-web/2.5.10/spring-boot-starter-web-2.5.10.jar:/Users/nikhilgupta/.m2/repository/org/springframework/boot/spring-boot-starter/2.5.10/spring-boot-starter-2.5.10.jar:/Users/nikhilgupta/.m2/repository/org/springframework/boot/spring-boot/2.5.10/spring-boot-2.5.10.jar:/Users/nikhilgupta/.m2/repository/org/springframework/boot/spring-boot-autoconfigure/2.5.10/spring-boot-autoconfigure-2.5.10.jar:/Users/nikhilgupta/.m2/repository/org/springframework/boot/spring-boot-starter-logging/2.5.10/spring-boot-starter-logging-2.5.10.jar:/Users/nikhilgupta/.m2/repository/ch/qos/logback/logback-classic/1.2.10/logback-classic-1.2.10.jar:/Users/nikhilgupta/.m2/repository/ch/qos/logback/logback-core/1.2.10/logback-core-1.2.10.jar:/Users/nikhilgupta/.m2/repository/org/apache/logging/log4j/log4j-to-slf4j/2.17.1/log4j-to-slf4j-2.17.1.jar:/Users/nikhilgupta/.m2/repository/org/apache/logging/log4j/log4j-api/2.17.1/log4j-api-2.17.1.jar:/Users/nikhilgupta/.m2/repository/org/slf4j/jul-to-slf4j/1.7.36/jul-to-slf4j-1.7.36.jar:/Users/nikhilgupta/.m2/repository/jakarta/annotation/jakarta.annotation-api/1.3.5/jakarta.annotation-api-1.3.5.jar:/Users/nikhilgupta/.m2/repository/org/yaml/snakeyaml/1.28/snakeyaml-1.28.jar:/Users/nikhilgupta/.m2/repository/org/springframework/boot/spring-boot-starter-json/2.5.10/spring-boot-starter-json-2.5.10.jar:/Users/nikhilgupta/.m2/repository/com/fasterxml/jackson/core/jackson-databind/2.12.6/jackson-databind-2.12.6.jar:/Users/nikhilgupta/.m2/repository/com/fasterxml/jackson/core/jackson-annotations/2.12.6/jackson-annotations-2.12.6.jar:/Users/nikhilgupta/.m2/repository/com/fasterxml/jackson/core/jackson-core/2.12.6/jackson-core-2.12.6.jar:/Users/nikhilgupta/.m2/repository/com/fasterxml/jackson/datatype/jackson-datatype-jdk8/2.12.6/jackson-datatype-jdk8-2.12.6.jar:/Users/nikhilgupta/.m2/repository/com/fasterxml/jackson/datatype/jackson-datatype-jsr310/2.12.6/jackson-datatype-jsr310-2.12.6.jar:/Users/nikhilgupta/.m2/repository/com/fasterxml/jackson/module/jackson-module-parameter-names/2.12.6/jackson-module-parameter-names-2.12.6.jar:/Users/nikhilgupta/.m2/repository/org/springframework/boot/spring-boot-starter-tomcat/2.5.10/spring-boot-starter-tomcat-2.5.10.jar:/Users/nikhilgupta/.m2/repository/org/apache/tomcat/embed/tomcat-embed-core/9.0.58/tomcat-embed-core-9.0.58.jar:/Users/nikhilgupta/.m2/repository/org/apache/tomcat/embed/tomcat-embed-websocket/9.0.58/tomcat-embed-websocket-9.0.58.jar:/Users/nikhilgupta/.m2/repository/org/springframework/spring-web/5.3.16/spring-web-5.3.16.jar:/Users/nikhilgupta/.m2/repository/org/springframework/spring-webmvc/5.3.16/spring-webmvc-5.3.16.jar:/Users/nikhilgupta/.m2/repository/org/springframework/spring-aop/5.3.16/spring-aop-5.3.16.jar:/Users/nikhilgupta/.m2/repository/org/springframework/boot/spring-boot-starter-validation/2.5.10/spring-boot-starter-validation-2.5.10.jar:/Users/nikhilgupta/.m2/repository/org/apache/tomcat/embed/tomcat-embed-el/9.0.58/tomcat-embed-el-9.0.58.jar:/Users/nikhilgupta/.m2/repository/org/hibernate/validator/hibernate-validator/6.2.2.Final/hibernate-validator-6.2.2.Final.jar:/Users/nikhilgupta/.m2/repository/jakarta/validation/jakarta.validation-api/2.0.2/jakarta.validation-api-2.0.2.jar:/Users/nikhilgupta/.m2/repository/org/jboss/logging/jboss-logging/3.4.3.Final/jboss-logging-3.4.3.Final.jar:/Users/nikhilgupta/.m2/repository/io/springfox/springfox-boot-starter/3.0.0/springfox-boot-starter-3.0.0.jar:/Users/nikhilgupta/.m2/repository/io/springfox/springfox-oas/3.0.0/springfox-oas-3.0.0.jar:/Users/nikhilgupta/.m2/repository/io/swagger/core/v3/swagger-annotations/2.1.2/swagger-annotations-2.1.2.jar:/Users/nikhilgupta/.m2/repository/io/swagger/core/v3/swagger-models/2.1.2/swagger-models-2.1.2.jar:/Users/nikhilgupta/.m2/repository/io/springfox/springfox-spi/3.0.0/springfox-spi-3.0.0.jar:/Users/nikhilgupta/.m2/repository/io/springfox/springfox-schema/3.0.0/springfox-schema-3.0.0.jar:/Users/nikhilgupta/.m2/repository/io/springfox/springfox-core/3.0.0/springfox-core-3.0.0.jar:/Users/nikhilgupta/.m2/repository/io/springfox/springfox-spring-web/3.0.0/springfox-spring-web-3.0.0.jar:/Users/nikhilgupta/.m2/repository/io/github/classgraph/classgraph/4.8.83/classgraph-4.8.83.jar:/Users/nikhilgupta/.m2/repository/io/springfox/springfox-spring-webmvc/3.0.0/springfox-spring-webmvc-3.0.0.jar:/Users/nikhilgupta/.m2/repository/io/springfox/springfox-spring-webflux/3.0.0/springfox-spring-webflux-3.0.0.jar:/Users/nikhilgupta/.m2/repository/io/springfox/springfox-swagger-common/3.0.0/springfox-swagger-common-3.0.0.jar:/Users/nikhilgupta/.m2/repository/org/mapstruct/mapstruct/1.3.1.Final/mapstruct-1.3.1.Final.jar:/Users/nikhilgupta/.m2/repository/io/springfox/springfox-data-rest/3.0.0/springfox-data-rest-3.0.0.jar:/Users/nikhilgupta/.m2/repository/io/springfox/springfox-bean-validators/3.0.0/springfox-bean-validators-3.0.0.jar:/Users/nikhilgupta/.m2/repository/io/springfox/springfox-swagger2/3.0.0/springfox-swagger2-3.0.0.jar:/Users/nikhilgupta/.m2/repository/io/swagger/swagger-annotations/1.5.20/swagger-annotations-1.5.20.jar:/Users/nikhilgupta/.m2/repository/io/swagger/swagger-models/1.5.20/swagger-models-1.5.20.jar:/Users/nikhilgupta/.m2/repository/io/springfox/springfox-swagger-ui/3.0.0/springfox-swagger-ui-3.0.0.jar:/Users/nikhilgupta/.m2/repository/com/fasterxml/classmate/1.5.1/classmate-1.5.1.jar:/Users/nikhilgupta/.m2/repository/org/slf4j/slf4j-api/1.7.36/slf4j-api-1.7.36.jar:/Users/nikhilgupta/.m2/repository/org/springframework/plugin/spring-plugin-core/2.0.0.RELEASE/spring-plugin-core-2.0.0.RELEASE.jar:/Users/nikhilgupta/.m2/repository/org/springframework/plugin/spring-plugin-metadata/2.0.0.RELEASE/spring-plugin-metadata-2.0.0.RELEASE.jar:/Users/nikhilgupta/.m2/repository/org/postgresql/postgresql/42.2.25/postgresql-42.2.25.jar:/Users/nikhilgupta/.m2/repository/org/checkerframework/checker-qual/3.5.0/checker-qual-3.5.0.jar:/Users/nikhilgupta/.m2/repository/org/springframework/boot/spring-boot-starter-data-jpa/2.5.10/spring-boot-starter-data-jpa-2.5.10.jar:/Users/nikhilgupta/.m2/repository/org/springframework/boot/spring-boot-starter-aop/2.5.10/spring-boot-starter-aop-2.5.10.jar:/Users/nikhilgupta/.m2/repository/org/aspectj/aspectjweaver/1.9.7/aspectjweaver-1.9.7.jar:/Users/nikhilgupta/.m2/repository/org/springframework/boot/spring-boot-starter-jdbc/2.5.10/spring-boot-starter-jdbc-2.5.10.jar:/Users/nikhilgupta/.m2/repository/com/zaxxer/HikariCP/4.0.3/HikariCP-4.0.3.jar:/Users/nikhilgupta/.m2/repository/org/springframework/spring-jdbc/5.3.16/spring-jdbc-5.3.16.jar:/Users/nikhilgupta/.m2/repository/jakarta/transaction/jakarta.transaction-api/1.3.3/jakarta.transaction-api-1.3.3.jar:/Users/nikhilgupta/.m2/repository/jakarta/persistence/jakarta.persistence-api/2.2.3/jakarta.persistence-api-2.2.3.jar:/Users/nikhilgupta/.m2/repository/org/hibernate/hibernate-core/5.4.33/hibernate-core-5.4.33.jar:/Users/nikhilgupta/.m2/repository/org/javassist/javassist/3.27.0-GA/javassist-3.27.0-GA.jar:/Users/nikhilgupta/.m2/repository/net/bytebuddy/byte-buddy/1.10.22/byte-buddy-1.10.22.jar:/Users/nikhilgupta/.m2/repository/antlr/antlr/2.7.7/antlr-2.7.7.jar:/Users/nikhilgupta/.m2/repository/org/jboss/jandex/2.2.3.Final/jandex-2.2.3.Final.jar:/Users/nikhilgupta/.m2/repository/org/dom4j/dom4j/2.1.3/dom4j-2.1.3.jar:/Users/nikhilgupta/.m2/repository/org/hibernate/common/hibernate-commons-annotations/5.1.2.Final/hibernate-commons-annotations-5.1.2.Final.jar:/Users/nikhilgupta/.m2/repository/org/glassfish/jaxb/jaxb-runtime/2.3.6/jaxb-runtime-2.3.6.jar:/Users/nikhilgupta/.m2/repository/org/glassfish/jaxb/txw2/2.3.6/txw2-2.3.6.jar:/Users/nikhilgupta/.m2/repository/com/sun/istack/istack-commons-runtime/3.0.12/istack-commons-runtime-3.0.12.jar:/Users/nikhilgupta/.m2/repository/com/sun/activation/jakarta.activation/1.2.2/jakarta.activation-1.2.2.jar:/Users/nikhilgupta/.m2/repository/org/springframework/data/spring-data-jpa/2.5.9/spring-data-jpa-2.5.9.jar:/Users/nikhilgupta/.m2/repository/org/springframework/spring-orm/5.3.16/spring-orm-5.3.16.jar:/Users/nikhilgupta/.m2/repository/org/springframework/spring-aspects/5.3.16/spring-aspects-5.3.16.jar:/Users/nikhilgupta/.m2/repository/org/springframework/boot/spring-boot-starter-data-redis/2.5.10/spring-boot-starter-data-redis-2.5.10.jar:/Users/nikhilgupta/.m2/repository/org/springframework/data/spring-data-redis/2.5.9/spring-data-redis-2.5.9.jar:/Users/nikhilgupta/.m2/repository/org/springframework/data/spring-data-keyvalue/2.5.9/spring-data-keyvalue-2.5.9.jar:/Users/nikhilgupta/.m2/repository/org/springframework/spring-oxm/5.3.16/spring-oxm-5.3.16.jar:/Users/nikhilgupta/.m2/repository/org/springframework/spring-context-support/5.3.16/spring-context-support-5.3.16.jar:/Users/nikhilgupta/.m2/repository/io/lettuce/lettuce-core/6.1.6.RELEASE/lettuce-core-6.1.6.RELEASE.jar:/Users/nikhilgupta/.m2/repository/io/netty/netty-common/4.1.74.Final/netty-common-4.1.74.Final.jar:/Users/nikhilgupta/.m2/repository/io/netty/netty-handler/4.1.74.Final/netty-handler-4.1.74.Final.jar:/Users/nikhilgupta/.m2/repository/io/netty/netty-resolver/4.1.74.Final/netty-resolver-4.1.74.Final.jar:/Users/nikhilgupta/.m2/repository/io/netty/netty-buffer/4.1.74.Final/netty-buffer-4.1.74.Final.jar:/Users/nikhilgupta/.m2/repository/io/netty/netty-codec/4.1.74.Final/netty-codec-4.1.74.Final.jar:/Users/nikhilgupta/.m2/repository/io/netty/netty-tcnative-classes/2.0.48.Final/netty-tcnative-classes-2.0.48.Final.jar:/Users/nikhilgupta/.m2/repository/io/netty/netty-transport/4.1.74.Final/netty-transport-4.1.74.Final.jar:/Users/nikhilgupta/.m2/repository/io/projectreactor/reactor-core/3.4.15/reactor-core-3.4.15.jar:/Users/nikhilgupta/.m2/repository/org/reactivestreams/reactive-streams/1.0.3/reactive-streams-1.0.3.jar:/Users/nikhilgupta/.m2/repository/redis/clients/jedis/3.6.3/jedis-3.6.3.jar:/Users/nikhilgupta/.m2/repository/org/apache/commons/commons-pool2/2.9.0/commons-pool2-2.9.0.jar:/Users/nikhilgupta/.m2/repository/org/springframework/boot/spring-boot-starter-data-mongodb/2.5.10/spring-boot-starter-data-mongodb-2.5.10.jar:/Users/nikhilgupta/.m2/repository/org/mongodb/mongodb-driver-sync/4.2.3/mongodb-driver-sync-4.2.3.jar:/Users/nikhilgupta/.m2/repository/org/mongodb/bson/4.2.3/bson-4.2.3.jar:/Users/nikhilgupta/.m2/repository/org/springframework/data/spring-data-mongodb/3.2.9/spring-data-mongodb-3.2.9.jar:/Users/nikhilgupta/.m2/repository/org/springframework/spring-tx/5.3.16/spring-tx-5.3.16.jar:/Users/nikhilgupta/.m2/repository/org/springframework/spring-context/5.3.16/spring-context-5.3.16.jar:/Users/nikhilgupta/.m2/repository/org/springframework/spring-beans/5.3.16/spring-beans-5.3.16.jar:/Users/nikhilgupta/.m2/repository/org/springframework/spring-core/5.3.16/spring-core-5.3.16.jar:/Users/nikhilgupta/.m2/repository/org/springframework/spring-jcl/5.3.16/spring-jcl-5.3.16.jar:/Users/nikhilgupta/.m2/repository/org/springframework/spring-expression/5.3.16/spring-expression-5.3.16.jar:/Users/nikhilgupta/.m2/repository/org/springframework/data/spring-data-commons/2.5.9/spring-data-commons-2.5.9.jar:/Users/nikhilgupta/.m2/repository/org/mongodb/mongodb-driver-core/4.2.3/mongodb-driver-core-4.2.3.jar:/Users/nikhilgupta/.m2/repository/org/springframework/boot/spring-boot-starter-test/2.5.10/spring-boot-starter-test-2.5.10.jar:/Users/nikhilgupta/.m2/repository/org/springframework/boot/spring-boot-test/2.5.10/spring-boot-test-2.5.10.jar:/Users/nikhilgupta/.m2/repository/org/springframework/boot/spring-boot-test-autoconfigure/2.5.10/spring-boot-test-autoconfigure-2.5.10.jar:/Users/nikhilgupta/.m2/repository/com/jayway/jsonpath/json-path/2.5.0/json-path-2.5.0.jar:/Users/nikhilgupta/.m2/repository/net/minidev/json-smart/2.4.8/json-smart-2.4.8.jar:/Users/nikhilgupta/.m2/repository/net/minidev/accessors-smart/2.4.8/accessors-smart-2.4.8.jar:/Users/nikhilgupta/.m2/repository/org/ow2/asm/asm/9.1/asm-9.1.jar:/Users/nikhilgupta/.m2/repository/jakarta/xml/bind/jakarta.xml.bind-api/2.3.3/jakarta.xml.bind-api-2.3.3.jar:/Users/nikhilgupta/.m2/repository/jakarta/activation/jakarta.activation-api/1.2.2/jakarta.activation-api-1.2.2.jar:/Users/nikhilgupta/.m2/repository/org/assertj/assertj-core/3.19.0/assertj-core-3.19.0.jar:/Users/nikhilgupta/.m2/repository/org/hamcrest/hamcrest/2.2/hamcrest-2.2.jar:/Users/nikhilgupta/.m2/repository/org/junit/jupiter/junit-jupiter/5.7.2/junit-jupiter-5.7.2.jar:/Users/nikhilgupta/.m2/repository/org/junit/jupiter/junit-jupiter-api/5.7.2/junit-jupiter-api-5.7.2.jar:/Users/nikhilgupta/.m2/repository/org/apiguardian/apiguardian-api/1.1.0/apiguardian-api-1.1.0.jar:/Users/nikhilgupta/.m2/repository/org/opentest4j/opentest4j/1.2.0/opentest4j-1.2.0.jar:/Users/nikhilgupta/.m2/repository/org/junit/platform/junit-platform-commons/1.7.2/junit-platform-commons-1.7.2.jar:/Users/nikhilgupta/.m2/repository/org/junit/jupiter/junit-jupiter-params/5.7.2/junit-jupiter-params-5.7.2.jar:/Users/nikhilgupta/.m2/repository/org/junit/jupiter/junit-jupiter-engine/5.7.2/junit-jupiter-engine-5.7.2.jar:/Users/nikhilgupta/.m2/repository/org/junit/platform/junit-platform-engine/1.7.2/junit-platform-engine-1.7.2.jar:/Users/nikhilgupta/.m2/repository/org/mockito/mockito-core/3.9.0/mockito-core-3.9.0.jar:/Users/nikhilgupta/.m2/repository/net/bytebuddy/byte-buddy-agent/1.10.22/byte-buddy-agent-1.10.22.jar:/Users/nikhilgupta/.m2/repository/org/objenesis/objenesis/3.2/objenesis-3.2.jar:/Users/nikhilgupta/.m2/repository/org/mockito/mockito-junit-jupiter/3.9.0/mockito-junit-jupiter-3.9.0.jar:/Users/nikhilgupta/.m2/repository/org/skyscreamer/jsonassert/1.5.0/jsonassert-1.5.0.jar:/Users/nikhilgupta/.m2/repository/com/vaadin/external/google/android-json/0.0.20131108.vaadin1/android-json-0.0.20131108.vaadin1.jar:/Users/nikhilgupta/.m2/repository/org/springframework/spring-test/5.3.16/spring-test-5.3.16.jar:/Users/nikhilgupta/.m2/repository/org/xmlunit/xmlunit-core/2.8.4/xmlunit-core-2.8.4.jar:"/>
    <property name="sun.cpu.endian" value="little"/>
    <property name="user.home" value="/Users/nikhilgupta"/>
    <property name="user.language" value="en"/>
    <property name="java.specification.vendor" value="Oracle Corporation"/>
    <property name="java.version.date" value="2022-01-18"/>
    <property name="java.home" value="/usr/local/Cellar/openjdk/17.0.2/libexec/openjdk.jdk/Contents/Home"/>
    <property name="file.separator" value="/"/>
    <property name="basedir" value="/Users/nikhilgupta/Downloads/dependencyInjection 2"/>
    <property name="java.vm.compressedOopsMode" value="Zero based"/>
    <property name="line.separator" value="&#10;"/>
    <property name="java.specification.name" value="Java Platform API Specification"/>
    <property name="java.vm.specification.vendor" value="Oracle Corporation"/>
    <property name="surefire.real.class.path" value="/Users/nikhilgupta/Downloads/dependencyInjection 2/target/surefire/surefirebooter9090847416267686284.jar"/>
    <property name="sun.management.compiler" value="HotSpot 64-Bit Tiered Compilers"/>
    <property name="ftp.nonProxyHosts" value="local|*.local|169.254/16|*.169.254/16"/>
    <property name="java.runtime.version" value="17.0.2+0"/>
    <property name="user.name" value="nikhilgupta"/>
    <property name="path.separator" value=":"/>
    <property name="os.version" value="10.15.7"/>
    <property name="java.runtime.name" value="OpenJDK Runtime Environment"/>
    <property name="file.encoding" value="UTF-8"/>
    <property name="java.vm.name" value="OpenJDK 64-Bit Server VM"/>
    <property name="java.vendor.version" value="Homebrew"/>
    <property name="localRepository" value="/Users/nikhilgupta/.m2/repository"/>
    <property name="java.vendor.url.bug" value="https://github.com/Homebrew/homebrew-core/issues"/>
    <property name="java.io.tmpdir" value="/var/folders/d2/9_7lmz7s5lqfgtkb869bnnh00000gp/T/"/>
    <property name="java.version" value="17.0.2"/>
    <property name="user.dir" value="/Users/nikhilgupta/Downloads/dependencyInjection 2"/>
    <property name="os.arch" value="x86_64"/>
    <property name="java.vm.specification.name" value="Java Virtual Machine Specification"/>
    <property name="native.encoding" value="UTF-8"/>
    <property name="java.library.path" value="/Users/nikhilgupta/Library/Java/Extensions:/Library/Java/Extensions:/Network/Library/Java/Extensions:/System/Library/Java/Extensions:/usr/lib/java:."/>
    <property name="java.vm.info" value="mixed mode, sharing"/>
    <property name="java.vendor" value="Homebrew"/>
    <property name="java.vm.version" value="17.0.2+0"/>
    <property name="sun.io.unicode.encoding" value="UnicodeBig"/>
    <property name="socksNonProxyHosts" value="local|*.local|169.254/16|*.169.254/16"/>
    <property name="java.class.version" value="61.0"/>
  </properties>
  <testcase name="contextLoads" classname="com.quinbay.dependencyInjection.DependencyInjectionApplicationTests" time="0.153"/>
</testsuite>